<?xml version="1.0" encoding="UTF-8"?>
<!-- Generated by org.testng.reporters.JUnitReportReporter -->
<testsuite hostname="DESKTOP-1PN0SF5" failures="0" tests="3" name="todos.ToDOTestCases" time="4.594" errors="0" timestamp="2022-12-15T16:37:53 CET" skipped="0">
  <testcase classname="todos.ToDOTestCases" name="TC001_taskCreation" time="2.258"/>
  <system-out/>
  <testcase classname="todos.ToDOTestCases" name="TC010_toCancelEscKeyboard" time="2.108"/>
  <system-out/>
  <testcase classname="todos.ToDOTestCases" name="TC013_DuplicatesNamesAllowed" time="0.228"/>
  <system-out/>
</testsuite> <!-- todos.ToDOTestCases -->
