<?xml version="1.0" encoding="UTF-8"?>
<!-- Generated by org.testng.reporters.JUnitReportReporter -->
<testsuite hostname="DESKTOP-1PN0SF5" failures="0" tests="2" name="todos.TC001" time="4.670" errors="0" timestamp="2022-12-15T15:21:07 CET" skipped="0">
  <testcase classname="todos.TC001" name="taskCreation" time="2.358"/>
  <system-out/>
  <testcase classname="todos.TC001" name="toCancelEscKeyboard" time="2.312"/>
  <system-out/>
</testsuite> <!-- todos.TC001 -->
